<?xml version="1.0" encoding="UTF-8"?>
<!-- Generated by org.testng.reporters.JUnitReportReporter -->
<testsuite hostname="LAPTOP-71ATORCR" failures="0" tests="6" name="testscript.LoginTest" time="31.530" errors="0" timestamp="2025-11-17T07:46:00 IST" skipped="0">
  <testcase classname="testscript.LoginTest" name="verifyLoginWithValidCredentials" time="5.044"/>
  <testcase classname="testscript.LoginTest" name="verifyLoginWithInvalidUsernameAndValidPassword" time="5.520"/>
  <testcase classname="testscript.LoginTest" name="verifyLoginWithValidUsernameAndInvalidPassword" time="5.746"/>
  <testcase classname="testscript.LoginTest" name="verifyLoginWithInvalidUsernameAndInvalidPassword" time="5.692"/>
  <testcase classname="testscript.LoginTest" name="verifyLoginWithInvalidUsernameAndInvalidPassword" time="4.738"/>
  <testcase classname="testscript.LoginTest" name="verifyLoginWithInvalidUsernameAndInvalidPassword" time="4.790"/>
</testsuite> <!-- testscript.LoginTest -->
