<?xml version="1.0" encoding="UTF-8"?>
<testng-results ignored="0" total="1" passed="1" failed="0" skipped="0">
  <reporter-output>
  </reporter-output>
  <suite started-at="2025-11-10T08:15:05 IST" name="Default suite" finished-at="2025-11-10T08:15:11 IST" duration-ms="6001">
    <groups>
    </groups>
    <test started-at="2025-11-10T08:15:05 IST" name="Default test" finished-at="2025-11-10T08:15:11 IST" duration-ms="6001">
      <class name="testscript.LoginTest">
        <test-method is-config="true" signature="initializeBrowser()[pri:0, instance:testscript.LoginTest@368f2016]" started-at="2025-11-10T08:15:05 IST" name="initializeBrowser" finished-at="2025-11-10T08:15:09 IST" duration-ms="4577" status="PASS">
          <reporter-output>
          </reporter-output>
        </test-method> <!-- initializeBrowser -->
        <test-method signature="verifyLoginWithInvalidUsernameAndInvalidPassword()[pri:4, instance:testscript.LoginTest@368f2016]" started-at="2025-11-10T08:15:09 IST" name="verifyLoginWithInvalidUsernameAndInvalidPassword" description="verifying login to the webpage with invalid username and invalid password" finished-at="2025-11-10T08:15:11 IST" duration-ms="1319" status="PASS">
          <reporter-output>
          </reporter-output>
        </test-method> <!-- verifyLoginWithInvalidUsernameAndInvalidPassword -->
        <test-method is-config="true" signature="closeBrowser()[pri:0, instance:testscript.LoginTest@368f2016]" started-at="2025-11-10T08:15:11 IST" name="closeBrowser" finished-at="2025-11-10T08:15:11 IST" duration-ms="4" status="PASS">
          <reporter-output>
          </reporter-output>
        </test-method> <!-- closeBrowser -->
      </class> <!-- testscript.LoginTest -->
    </test> <!-- Default test -->
  </suite> <!-- Default suite -->
</testng-results>
