<?xml version="1.0" encoding="UTF-8"?>
<testng-results ignored="0" total="1" passed="1" failed="0" skipped="0">
  <reporter-output>
  </reporter-output>
  <suite started-at="2025-11-12T07:08:13 IST" name="Default suite" finished-at="2025-11-12T07:08:23 IST" duration-ms="10681">
    <groups>
    </groups>
    <test started-at="2025-11-12T07:08:13 IST" name="Default test" finished-at="2025-11-12T07:08:23 IST" duration-ms="10681">
      <class name="testscript.AdminTest">
        <test-method is-config="true" signature="initializeBrowser()[pri:0, instance:testscript.AdminTest@7cc0cdad]" started-at="2025-11-12T07:08:13 IST" name="initializeBrowser" finished-at="2025-11-12T07:08:20 IST" duration-ms="7576" status="PASS">
          <reporter-output>
          </reporter-output>
        </test-method> <!-- initializeBrowser -->
        <test-method signature="addAdminUser()[pri:1, instance:testscript.AdminTest@7cc0cdad]" started-at="2025-11-12T07:08:20 IST" name="addAdminUser" description="Adding new Admin user" finished-at="2025-11-12T07:08:23 IST" duration-ms="3045" status="PASS">
          <reporter-output>
          </reporter-output>
        </test-method> <!-- addAdminUser -->
        <test-method is-config="true" signature="closeBrowser()[pri:0, instance:testscript.AdminTest@7cc0cdad]" started-at="2025-11-12T07:08:23 IST" name="closeBrowser" finished-at="2025-11-12T07:08:23 IST" duration-ms="0" status="PASS">
          <reporter-output>
          </reporter-output>
        </test-method> <!-- closeBrowser -->
      </class> <!-- testscript.AdminTest -->
    </test> <!-- Default test -->
  </suite> <!-- Default suite -->
</testng-results>
