<?xml version="1.0" encoding="UTF-8"?>
<testng-results ignored="0" total="1" passed="1" failed="0" skipped="0">
  <reporter-output>
  </reporter-output>
  <suite started-at="2025-11-18T08:17:22 IST" name="Grouping" finished-at="2025-11-18T08:17:35 IST" duration-ms="12652">
    <groups>
      <group name="smoke">
        <method signature="NewsTest.addNewsItem()[pri:1, instance:testscript.NewsTest@4802796d]" name="addNewsItem" class="testscript.NewsTest"/>
      </group> <!-- smoke -->
    </groups>
    <test started-at="2025-11-18T08:17:22 IST" name="Test" finished-at="2025-11-18T08:17:35 IST" duration-ms="12652">
      <class name="testscript.NewsTest">
        <test-method is-config="true" signature="initializeBrowser()[pri:0, instance:testscript.NewsTest@4802796d]" started-at="2025-11-18T08:17:22 IST" name="initializeBrowser" finished-at="2025-11-18T08:17:30 IST" duration-ms="8115" status="PASS">
          <reporter-output>
          </reporter-output>
        </test-method> <!-- initializeBrowser -->
        <test-method signature="addNewsItem()[pri:1, instance:testscript.NewsTest@4802796d]" started-at="2025-11-18T08:17:30 IST" name="addNewsItem" description="Verify adding News" finished-at="2025-11-18T08:17:34 IST" duration-ms="3959" status="PASS">
          <reporter-output>
          </reporter-output>
        </test-method> <!-- addNewsItem -->
        <test-method is-config="true" signature="driverQuit(org.testng.ITestResult)[pri:0, instance:testscript.NewsTest@4802796d]" started-at="2025-11-18T08:17:34 IST" name="driverQuit" finished-at="2025-11-18T08:17:35 IST" duration-ms="488" status="PASS">
          <params>
            <param index="0">
              <value>
                <![CDATA[[TestResult name=addNewsItem status=SUCCESS method=NewsTest.addNewsItem()[pri:1, instance:testscript.NewsTest@4802796d] output={null}]]]>
              </value>
            </param>
          </params>
          <reporter-output>
          </reporter-output>
        </test-method> <!-- driverQuit -->
      </class> <!-- testscript.NewsTest -->
    </test> <!-- Test -->
  </suite> <!-- Grouping -->
</testng-results>
