<?xml version="1.0" encoding="UTF-8"?>
<testng-results ignored="0" total="1" passed="1" failed="0" skipped="0">
  <reporter-output>
  </reporter-output>
  <suite started-at="2025-11-07T07:56:24 IST" name="Default suite" finished-at="2025-11-07T07:56:32 IST" duration-ms="8094">
    <groups>
    </groups>
    <test started-at="2025-11-07T07:56:24 IST" name="Default test" finished-at="2025-11-07T07:56:32 IST" duration-ms="8094">
      <class name="testscript.LoginTest">
        <test-method is-config="true" signature="initializeBrowser()[pri:0, instance:testscript.LoginTest@368f2016]" started-at="2025-11-07T07:56:24 IST" name="initializeBrowser" finished-at="2025-11-07T07:56:28 IST" duration-ms="4210" status="PASS">
          <reporter-output>
          </reporter-output>
        </test-method> <!-- initializeBrowser -->
        <test-method signature="verifyLoginWithValidCredentials()[pri:1, instance:testscript.LoginTest@368f2016]" started-at="2025-11-07T07:56:28 IST" name="verifyLoginWithValidCredentials" description="verifying login to the webpage with valid username and valid password" finished-at="2025-11-07T07:56:31 IST" duration-ms="3270" status="PASS">
          <reporter-output>
          </reporter-output>
        </test-method> <!-- verifyLoginWithValidCredentials -->
        <test-method is-config="true" signature="closeBrowser()[pri:0, instance:testscript.LoginTest@368f2016]" started-at="2025-11-07T07:56:31 IST" name="closeBrowser" finished-at="2025-11-07T07:56:32 IST" duration-ms="528" status="PASS">
          <reporter-output>
          </reporter-output>
        </test-method> <!-- closeBrowser -->
      </class> <!-- testscript.LoginTest -->
    </test> <!-- Default test -->
  </suite> <!-- Default suite -->
</testng-results>
